[
    {
        "Plan": {
            "Node Type": "Other",
            "Node Type ID": "42",
            "Total Cost": 277572.826036,
            "Plan Rows": 1.0,
            "Plans": [
                {
                    "Node Type": "Other",
                    "Node Type ID": "45",
                    "Total Cost": 277572.811036,
                    "Plan Rows": 2.0,
                    "Plans": [
                        {
                            "Node Type": "Other",
                            "Node Type ID": "42",
                            "Total Cost": 276572.611036,
                            "Plan Rows": 1.0,
                            "Plans": [
                                {
                                    "Node Type": "Nested Loop",
                                    "Node Type ID": "36",
                                    "Total Cost": 276570.966036,
                                    "Plan Rows": 654.0,
                                    "Plans": [
                                        {
                                            "Node Type": "Hash Join",
                                            "Node Type ID": "38",
                                            "Total Cost": 274601.952708,
                                            "Plan Rows": 3292.0,
                                            "Plans": [
                                                {
                                                    "Node Type": "Seq Scan",
                                                    "Node Type ID": "19",
                                                    "Relation Name": "movie_info",
                                                    "Total Cost": 239478.104167,
                                                    "Plan Rows": 543015.0
                                                },
                                                {
                                                    "Node Type": "Other",
                                                    "Node Type ID": "47",
                                                    "Total Cost": 32379.213542,
                                                    "Plan Rows": 1268.0,
                                                    "Plans": [
                                                        {
                                                            "Node Type": "Seq Scan",
                                                            "Node Type ID": "19",
                                                            "Relation Name": "movie_companies",
                                                            "Total Cost": 32379.213542,
                                                            "Plan Rows": 1268.0
                                                        }
                                                    ]
                                                }
                                            ]
                                        },
                                        {
                                            "Node Type": "Index Only Scan",
                                            "Node Type ID": "22",
                                            "Relation Name": "title",
                                            "Total Cost": 0.585621,
                                            "Plan Rows": 1.0
                                        }
                                    ]
                                }
                            ]
                        }
                    ]
                }
            ]
        }
    }
]