[
    {
        "Plan": {
            "Node Type": "Other",
            "Node Type ID": "42",
            "Total Cost": 65719.141346,
            "Plan Rows": 1.0,
            "Plans": [
                {
                    "Node Type": "Other",
                    "Node Type ID": "45",
                    "Total Cost": 65719.126346,
                    "Plan Rows": 2.0,
                    "Plans": [
                        {
                            "Node Type": "Other",
                            "Node Type ID": "42",
                            "Total Cost": 64718.926346,
                            "Plan Rows": 1.0,
                            "Plans": [
                                {
                                    "Node Type": "Hash Join",
                                    "Node Type ID": "38",
                                    "Total Cost": 64718.883846,
                                    "Plan Rows": 13.0,
                                    "Plans": [
                                        {
                                            "Node Type": "Seq Scan",
                                            "Node Type ID": "19",
                                            "Relation Name": "movie_info_idx",
                                            "Total Cost": 15122.682292,
                                            "Plan Rows": 190330.0
                                        },
                                        {
                                            "Node Type": "Other",
                                            "Node Type ID": "47",
                                            "Total Cost": 48881.501555,
                                            "Plan Rows": 73.0,
                                            "Plans": [
                                                {
                                                    "Node Type": "Nested Loop",
                                                    "Node Type ID": "36",
                                                    "Total Cost": 48881.501555,
                                                    "Plan Rows": 73.0,
                                                    "Plans": [
                                                        {
                                                            "Node Type": "Seq Scan",
                                                            "Node Type ID": "19",
                                                            "Relation Name": "movie_keyword",
                                                            "Total Cost": 48016.135417,
                                                            "Plan Rows": 103.0
                                                        },
                                                        {
                                                            "Node Type": "Index Scan",
                                                            "Node Type ID": "21",
                                                            "Relation Name": "title",
                                                            "Total Cost": 8.401613,
                                                            "Plan Rows": 1.0
                                                        }
                                                    ]
                                                }
                                            ]
                                        }
                                    ]
                                }
                            ]
                        }
                    ]
                }
            ]
        }
    }
]