[
    {
        "Plan": {
            "Node Type": "Other",
            "Node Type ID": "42",
            "Total Cost": 36274.671687,
            "Plan Rows": 1.0,
            "Plans": [
                {
                    "Node Type": "Other",
                    "Node Type ID": "45",
                    "Total Cost": 36274.659187,
                    "Plan Rows": 1.0,
                    "Plans": [
                        {
                            "Node Type": "Nested Loop",
                            "Node Type ID": "36",
                            "Total Cost": 35274.559187,
                            "Plan Rows": 1.0,
                            "Plans": [
                                {
                                    "Node Type": "Seq Scan",
                                    "Node Type ID": "19",
                                    "Relation Name": "movie_companies",
                                    "Total Cost": 35097.05625,
                                    "Plan Rows": 21.0
                                },
                                {
                                    "Node Type": "Index Scan",
                                    "Node Type ID": "21",
                                    "Relation Name": "title",
                                    "Total Cost": 8.4525,
                                    "Plan Rows": 1.0
                                }
                            ]
                        }
                    ]
                }
            ]
        }
    }
]