[
    {
        "Plan": {
            "Node Type": "Other",
            "Node Type ID": "42",
            "Total Cost": 101238.87775,
            "Plan Rows": 1.0,
            "Plans": [
                {
                    "Node Type": "Other",
                    "Node Type ID": "45",
                    "Total Cost": 101238.86275,
                    "Plan Rows": 2.0,
                    "Plans": [
                        {
                            "Node Type": "Other",
                            "Node Type ID": "42",
                            "Total Cost": 100238.66275,
                            "Plan Rows": 1.0,
                            "Plans": [
                                {
                                    "Node Type": "Hash Join",
                                    "Node Type ID": "38",
                                    "Total Cost": 100237.36525,
                                    "Plan Rows": 515.0,
                                    "Plans": [
                                        {
                                            "Node Type": "Seq Scan",
                                            "Node Type ID": "19",
                                            "Relation Name": "movie_info_idx",
                                            "Total Cost": 15122.682292,
                                            "Plan Rows": 193435.0
                                        },
                                        {
                                            "Node Type": "Other",
                                            "Node Type ID": "47",
                                            "Total Cost": 84352.124208,
                                            "Plan Rows": 2803.0,
                                            "Plans": [
                                                {
                                                    "Node Type": "Hash Join",
                                                    "Node Type ID": "38",
                                                    "Total Cost": 84352.124208,
                                                    "Plan Rows": 2803.0,
                                                    "Plans": [
                                                        {
                                                            "Node Type": "Seq Scan",
                                                            "Node Type ID": "19",
                                                            "Relation Name": "movie_companies",
                                                            "Total Cost": 29661.370833,
                                                            "Plan Rows": 1087137.0
                                                        },
                                                        {
                                                            "Node Type": "Other",
                                                            "Node Type ID": "47",
                                                            "Total Cost": 51803.05625,
                                                            "Plan Rows": 2717.0,
                                                            "Plans": [
                                                                {
                                                                    "Node Type": "Seq Scan",
                                                                    "Node Type ID": "19",
                                                                    "Relation Name": "title",
                                                                    "Total Cost": 51803.05625,
                                                                    "Plan Rows": 2717.0
                                                                }
                                                            ]
                                                        }
                                                    ]
                                                }
                                            ]
                                        }
                                    ]
                                }
                            ]
                        }
                    ]
                }
            ]
        }
    }
]