[
    {
        "Plan": {
            "Node Type": "Other",
            "Node Type ID": "42",
            "Total Cost": 34257.376042,
            "Plan Rows": 1.0,
            "Plans": [
                {
                    "Node Type": "Other",
                    "Node Type ID": "45",
                    "Total Cost": 34257.361042,
                    "Plan Rows": 2.0,
                    "Plans": [
                        {
                            "Node Type": "Other",
                            "Node Type ID": "42",
                            "Total Cost": 33257.161042,
                            "Plan Rows": 1.0,
                            "Plans": [
                                {
                                    "Node Type": "Seq Scan",
                                    "Node Type ID": "19",
                                    "Relation Name": "movie_companies",
                                    "Total Cost": 32379.213542,
                                    "Plan Rows": 351175.0
                                }
                            ]
                        }
                    ]
                }
            ]
        }
    }
]