[
    {
        "Plan": {
            "Node Type": "Other",
            "Node Type ID": "42",
            "Total Cost": 594795.80375,
            "Plan Rows": 1.0,
            "Plans": [
                {
                    "Node Type": "Other",
                    "Node Type ID": "45",
                    "Total Cost": 594795.78875,
                    "Plan Rows": 2.0,
                    "Plans": [
                        {
                            "Node Type": "Other",
                            "Node Type ID": "42",
                            "Total Cost": 593795.58875,
                            "Plan Rows": 1.0,
                            "Plans": [
                                {
                                    "Node Type": "Hash Join",
                                    "Node Type ID": "38",
                                    "Total Cost": 589647.88375,
                                    "Plan Rows": 1659078.0,
                                    "Plans": [
                                        {
                                            "Node Type": "Seq Scan",
                                            "Node Type ID": "19",
                                            "Relation Name": "cast_info",
                                            "Total Cost": 441729.083333,
                                            "Plan Rows": 4136988.0
                                        },
                                        {
                                            "Node Type": "Other",
                                            "Node Type ID": "47",
                                            "Total Cost": 84586.277917,
                                            "Plan Rows": 422559.0,
                                            "Plans": [
                                                {
                                                    "Node Type": "Hash Join",
                                                    "Node Type ID": "38",
                                                    "Total Cost": 84586.277917,
                                                    "Plan Rows": 422559.0,
                                                    "Plans": [
                                                        {
                                                            "Node Type": "Seq Scan",
                                                            "Node Type ID": "19",
                                                            "Relation Name": "movie_info_idx",
                                                            "Total Cost": 13685.145833,
                                                            "Plan Rows": 575015.0
                                                        },
                                                        {
                                                            "Node Type": "Other",
                                                            "Node Type ID": "47",
                                                            "Total Cost": 49168.880208,
                                                            "Plan Rows": 774307.0,
                                                            "Plans": [
                                                                {
                                                                    "Node Type": "Seq Scan",
                                                                    "Node Type ID": "19",
                                                                    "Relation Name": "title",
                                                                    "Total Cost": 49168.880208,
                                                                    "Plan Rows": 774307.0
                                                                }
                                                            ]
                                                        }
                                                    ]
                                                }
                                            ]
                                        }
                                    ]
                                }
                            ]
                        }
                    ]
                }
            ]
        }
    }
]