[
    {
        "Plan": {
            "Node Type": "Other",
            "Node Type ID": "42",
            "Total Cost": 36780.05125,
            "Plan Rows": 1.0,
            "Plans": [
                {
                    "Node Type": "Other",
                    "Node Type ID": "45",
                    "Total Cost": 36780.03625,
                    "Plan Rows": 2.0,
                    "Plans": [
                        {
                            "Node Type": "Other",
                            "Node Type ID": "42",
                            "Total Cost": 35779.83625,
                            "Plan Rows": 1.0,
                            "Plans": [
                                {
                                    "Node Type": "Seq Scan",
                                    "Node Type ID": "19",
                                    "Relation Name": "movie_companies",
                                    "Total Cost": 35097.05625,
                                    "Plan Rows": 273108.0
                                }
                            ]
                        }
                    ]
                }
            ]
        }
    }
]