[
    {
        "Plan": {
            "Node Type": "Other",
            "Node Type ID": "42",
            "Total Cost": 441503.286583,
            "Plan Rows": 1.0,
            "Plans": [
                {
                    "Node Type": "Other",
                    "Node Type ID": "45",
                    "Total Cost": 441503.271583,
                    "Plan Rows": 2.0,
                    "Plans": [
                        {
                            "Node Type": "Other",
                            "Node Type ID": "42",
                            "Total Cost": 440503.071583,
                            "Plan Rows": 1.0,
                            "Plans": [
                                {
                                    "Node Type": "Hash Join",
                                    "Node Type ID": "38",
                                    "Total Cost": 431356.726583,
                                    "Plan Rows": 3658534.0,
                                    "Plans": [
                                        {
                                            "Node Type": "Seq Scan",
                                            "Node Type ID": "19",
                                            "Relation Name": "movie_info",
                                            "Total Cost": 223981.083333,
                                            "Plan Rows": 6198808.0
                                        },
                                        {
                                            "Node Type": "Other",
                                            "Node Type ID": "47",
                                            "Total Cost": 107822.76325,
                                            "Plan Rows": 621876.0,
                                            "Plans": [
                                                {
                                                    "Node Type": "Hash Join",
                                                    "Node Type ID": "38",
                                                    "Total Cost": 107822.76325,
                                                    "Plan Rows": 621876.0,
                                                    "Plans": [
                                                        {
                                                            "Node Type": "Seq Scan",
                                                            "Node Type ID": "19",
                                                            "Relation Name": "movie_companies",
                                                            "Total Cost": 32379.213542,
                                                            "Plan Rows": 702836.0
                                                        },
                                                        {
                                                            "Node Type": "Other",
                                                            "Node Type ID": "47",
                                                            "Total Cost": 49168.880208,
                                                            "Plan Rows": 932298.0,
                                                            "Plans": [
                                                                {
                                                                    "Node Type": "Seq Scan",
                                                                    "Node Type ID": "19",
                                                                    "Relation Name": "title",
                                                                    "Total Cost": 49168.880208,
                                                                    "Plan Rows": 932298.0
                                                                }
                                                            ]
                                                        }
                                                    ]
                                                }
                                            ]
                                        }
                                    ]
                                }
                            ]
                        }
                    ]
                }
            ]
        }
    }
]