[
    {
        "Plan": {
            "Node Type": "Other",
            "Node Type ID": "42",
            "Total Cost": 87836.098382,
            "Plan Rows": 1.0,
            "Plans": [
                {
                    "Node Type": "Other",
                    "Node Type ID": "45",
                    "Total Cost": 87836.083382,
                    "Plan Rows": 2.0,
                    "Plans": [
                        {
                            "Node Type": "Other",
                            "Node Type ID": "42",
                            "Total Cost": 86835.883382,
                            "Plan Rows": 1.0,
                            "Plans": [
                                {
                                    "Node Type": "Nested Loop",
                                    "Node Type ID": "36",
                                    "Total Cost": 86804.498382,
                                    "Plan Rows": 12550.0,
                                    "Plans": [
                                        {
                                            "Node Type": "Hash Join",
                                            "Node Type ID": "38",
                                            "Total Cost": 49490.226875,
                                            "Plan Rows": 63198.0,
                                            "Plans": [
                                                {
                                                    "Node Type": "Seq Scan",
                                                    "Node Type ID": "19",
                                                    "Relation Name": "movie_info_idx",
                                                    "Total Cost": 13685.145833,
                                                    "Plan Rows": 575015.0
                                                },
                                                {
                                                    "Node Type": "Other",
                                                    "Node Type ID": "47",
                                                    "Total Cost": 32379.213542,
                                                    "Plan Rows": 22997.0,
                                                    "Plans": [
                                                        {
                                                            "Node Type": "Seq Scan",
                                                            "Node Type ID": "19",
                                                            "Relation Name": "movie_companies",
                                                            "Total Cost": 32379.213542,
                                                            "Plan Rows": 22997.0
                                                        }
                                                    ]
                                                }
                                            ]
                                        },
                                        {
                                            "Node Type": "Index Only Scan",
                                            "Node Type ID": "22",
                                            "Relation Name": "title",
                                            "Total Cost": 0.577934,
                                            "Plan Rows": 1.0
                                        }
                                    ]
                                }
                            ]
                        }
                    ]
                }
            ]
        }
    }
]