[
    {
        "Plan": {
            "Node Type": "Other",
            "Node Type ID": "42",
            "Total Cost": 160250.2175,
            "Plan Rows": 1.0,
            "Plans": [
                {
                    "Node Type": "Other",
                    "Node Type ID": "45",
                    "Total Cost": 160250.2025,
                    "Plan Rows": 2.0,
                    "Plans": [
                        {
                            "Node Type": "Other",
                            "Node Type ID": "42",
                            "Total Cost": 159250.0025,
                            "Plan Rows": 1.0,
                            "Plans": [
                                {
                                    "Node Type": "Hash Join",
                                    "Node Type ID": "38",
                                    "Total Cost": 157621.715,
                                    "Plan Rows": 651311.0,
                                    "Plans": [
                                        {
                                            "Node Type": "Seq Scan",
                                            "Node Type ID": "19",
                                            "Relation Name": "movie_keyword",
                                            "Total Cost": 43303.708333,
                                            "Plan Rows": 1884971.0
                                        },
                                        {
                                            "Node Type": "Other",
                                            "Node Type ID": "47",
                                            "Total Cost": 82410.652917,
                                            "Plan Rows": 364073.0,
                                            "Plans": [
                                                {
                                                    "Node Type": "Hash Join",
                                                    "Node Type ID": "38",
                                                    "Total Cost": 82410.652917,
                                                    "Plan Rows": 364073.0,
                                                    "Plans": [
                                                        {
                                                            "Node Type": "Seq Scan",
                                                            "Node Type ID": "19",
                                                            "Relation Name": "movie_info_idx",
                                                            "Total Cost": 13685.145833,
                                                            "Plan Rows": 575015.0
                                                        },
                                                        {
                                                            "Node Type": "Other",
                                                            "Node Type ID": "47",
                                                            "Total Cost": 49168.880208,
                                                            "Plan Rows": 667137.0,
                                                            "Plans": [
                                                                {
                                                                    "Node Type": "Seq Scan",
                                                                    "Node Type ID": "19",
                                                                    "Relation Name": "title",
                                                                    "Total Cost": 49168.880208,
                                                                    "Plan Rows": 667137.0
                                                                }
                                                            ]
                                                        }
                                                    ]
                                                }
                                            ]
                                        }
                                    ]
                                }
                            ]
                        }
                    ]
                }
            ]
        }
    }
]