[
    {
        "Plan": {
            "Node Type": "Other",
            "Node Type ID": "42",
            "Total Cost": 906957.016542,
            "Plan Rows": 1.0,
            "Plans": [
                {
                    "Node Type": "Other",
                    "Node Type ID": "45",
                    "Total Cost": 906957.001542,
                    "Plan Rows": 2.0,
                    "Plans": [
                        {
                            "Node Type": "Other",
                            "Node Type ID": "42",
                            "Total Cost": 905956.801542,
                            "Plan Rows": 1.0,
                            "Plans": [
                                {
                                    "Node Type": "Hash Join",
                                    "Node Type ID": "38",
                                    "Total Cost": 895743.024042,
                                    "Plan Rows": 4085507.0,
                                    "Plans": [
                                        {
                                            "Node Type": "Seq Scan",
                                            "Node Type ID": "19",
                                            "Relation Name": "movie_info",
                                            "Total Cost": 239478.104167,
                                            "Plan Rows": 3973436.0
                                        },
                                        {
                                            "Node Type": "Other",
                                            "Node Type ID": "47",
                                            "Total Cost": 571291.232375,
                                            "Plan Rows": 1083389.0,
                                            "Plans": [
                                                {
                                                    "Node Type": "Hash Join",
                                                    "Node Type ID": "38",
                                                    "Total Cost": 571291.232375,
                                                    "Plan Rows": 1083389.0,
                                                    "Plans": [
                                                        {
                                                            "Node Type": "Seq Scan",
                                                            "Node Type ID": "19",
                                                            "Relation Name": "cast_info",
                                                            "Total Cost": 479537.5,
                                                            "Plan Rows": 3114120.0
                                                        },
                                                        {
                                                            "Node Type": "Other",
                                                            "Node Type ID": "47",
                                                            "Total Cost": 51803.05625,
                                                            "Plan Rows": 366568.0,
                                                            "Plans": [
                                                                {
                                                                    "Node Type": "Seq Scan",
                                                                    "Node Type ID": "19",
                                                                    "Relation Name": "title",
                                                                    "Total Cost": 51803.05625,
                                                                    "Plan Rows": 366568.0
                                                                }
                                                            ]
                                                        }
                                                    ]
                                                }
                                            ]
                                        }
                                    ]
                                }
                            ]
                        }
                    ]
                }
            ]
        }
    }
]