[
    {
        "Plan": {
            "Node Type": "Other",
            "Node Type ID": "42",
            "Total Cost": 52116.146353,
            "Plan Rows": 1.0,
            "Plans": [
                {
                    "Node Type": "Other",
                    "Node Type ID": "45",
                    "Total Cost": 52116.133853,
                    "Plan Rows": 1.0,
                    "Plans": [
                        {
                            "Node Type": "Hash Join",
                            "Node Type ID": "38",
                            "Total Cost": 51116.033853,
                            "Plan Rows": 1.0,
                            "Plans": [
                                {
                                    "Node Type": "Seq Scan",
                                    "Node Type ID": "19",
                                    "Relation Name": "movie_info_idx",
                                    "Total Cost": 13685.145833,
                                    "Plan Rows": 575015.0
                                },
                                {
                                    "Node Type": "Other",
                                    "Node Type ID": "47",
                                    "Total Cost": 35274.55927,
                                    "Plan Rows": 1.0,
                                    "Plans": [
                                        {
                                            "Node Type": "Nested Loop",
                                            "Node Type ID": "36",
                                            "Total Cost": 35274.55927,
                                            "Plan Rows": 1.0,
                                            "Plans": [
                                                {
                                                    "Node Type": "Seq Scan",
                                                    "Node Type ID": "19",
                                                    "Relation Name": "movie_companies",
                                                    "Total Cost": 35097.05625,
                                                    "Plan Rows": 21.0
                                                },
                                                {
                                                    "Node Type": "Index Scan",
                                                    "Node Type ID": "21",
                                                    "Relation Name": "title",
                                                    "Total Cost": 8.4525,
                                                    "Plan Rows": 1.0
                                                }
                                            ]
                                        }
                                    ]
                                }
                            ]
                        }
                    ]
                }
            ]
        }
    }
]