[
    {
        "Plan": {
            "Node Type": "Other",
            "Node Type ID": "42",
            "Total Cost": 685143.766585,
            "Plan Rows": 1.0,
            "Plans": [
                {
                    "Node Type": "Other",
                    "Node Type ID": "45",
                    "Total Cost": 685143.751585,
                    "Plan Rows": 2.0,
                    "Plans": [
                        {
                            "Node Type": "Other",
                            "Node Type ID": "42",
                            "Total Cost": 684143.551585,
                            "Plan Rows": 1.0,
                            "Plans": [
                                {
                                    "Node Type": "Hash Join",
                                    "Node Type ID": "38",
                                    "Total Cost": 684143.429085,
                                    "Plan Rows": 45.0,
                                    "Plans": [
                                        {
                                            "Node Type": "Seq Scan",
                                            "Node Type ID": "19",
                                            "Relation Name": "movie_info",
                                            "Total Cost": 239478.104167,
                                            "Plan Rows": 320892.0
                                        },
                                        {
                                            "Node Type": "Other",
                                            "Node Type ID": "47",
                                            "Total Cost": 443459.952418,
                                            "Plan Rows": 147.0,
                                            "Plans": [
                                                {
                                                    "Node Type": "Nested Loop",
                                                    "Node Type ID": "36",
                                                    "Total Cost": 443459.952418,
                                                    "Plan Rows": 147.0,
                                                    "Plans": [
                                                        {
                                                            "Node Type": "Seq Scan",
                                                            "Node Type ID": "19",
                                                            "Relation Name": "cast_info",
                                                            "Total Cost": 441729.083333,
                                                            "Plan Rows": 208.0
                                                        },
                                                        {
                                                            "Node Type": "Index Scan",
                                                            "Node Type ID": "21",
                                                            "Relation Name": "title",
                                                            "Total Cost": 8.321486,
                                                            "Plan Rows": 1.0
                                                        }
                                                    ]
                                                }
                                            ]
                                        }
                                    ]
                                }
                            ]
                        }
                    ]
                }
            ]
        }
    }
]