[
    {
        "Plan": {
            "Node Type": "Other",
            "Node Type ID": "42",
            "Total Cost": 86475.174583,
            "Plan Rows": 1.0,
            "Plans": [
                {
                    "Node Type": "Other",
                    "Node Type ID": "45",
                    "Total Cost": 86475.159583,
                    "Plan Rows": 2.0,
                    "Plans": [
                        {
                            "Node Type": "Other",
                            "Node Type ID": "42",
                            "Total Cost": 85474.959583,
                            "Plan Rows": 1.0,
                            "Plans": [
                                {
                                    "Node Type": "Hash Join",
                                    "Node Type ID": "38",
                                    "Total Cost": 85456.667083,
                                    "Plan Rows": 7313.0,
                                    "Plans": [
                                        {
                                            "Node Type": "Seq Scan",
                                            "Node Type ID": "19",
                                            "Relation Name": "movie_companies",
                                            "Total Cost": 35097.05625,
                                            "Plan Rows": 348245.0
                                        },
                                        {
                                            "Node Type": "Other",
                                            "Node Type ID": "47",
                                            "Total Cost": 49168.880208,
                                            "Plan Rows": 22127.0,
                                            "Plans": [
                                                {
                                                    "Node Type": "Seq Scan",
                                                    "Node Type ID": "19",
                                                    "Relation Name": "title",
                                                    "Total Cost": 49168.880208,
                                                    "Plan Rows": 22127.0
                                                }
                                            ]
                                        }
                                    ]
                                }
                            ]
                        }
                    ]
                }
            ]
        }
    }
]