[
    {
        "Plan": {
            "Node Type": "Other",
            "Node Type ID": "42",
            "Total Cost": 319208.566917,
            "Plan Rows": 1.0,
            "Plans": [
                {
                    "Node Type": "Other",
                    "Node Type ID": "45",
                    "Total Cost": 319208.551917,
                    "Plan Rows": 2.0,
                    "Plans": [
                        {
                            "Node Type": "Other",
                            "Node Type ID": "42",
                            "Total Cost": 318208.351917,
                            "Plan Rows": 1.0,
                            "Plans": [
                                {
                                    "Node Type": "Hash Join",
                                    "Node Type ID": "38",
                                    "Total Cost": 317110.496917,
                                    "Plan Rows": 439138.0,
                                    "Plans": [
                                        {
                                            "Node Type": "Seq Scan",
                                            "Node Type ID": "19",
                                            "Relation Name": "movie_info",
                                            "Total Cost": 239478.104167,
                                            "Plan Rows": 2031143.0
                                        },
                                        {
                                            "Node Type": "Other",
                                            "Node Type ID": "47",
                                            "Total Cost": 51803.05625,
                                            "Plan Rows": 227806.0,
                                            "Plans": [
                                                {
                                                    "Node Type": "Seq Scan",
                                                    "Node Type ID": "19",
                                                    "Relation Name": "title",
                                                    "Total Cost": 51803.05625,
                                                    "Plan Rows": 227806.0
                                                }
                                            ]
                                        }
                                    ]
                                }
                            ]
                        }
                    ]
                }
            ]
        }
    }
]