[
    {
        "Plan": {
            "Node Type": "Other",
            "Node Type ID": "42",
            "Total Cost": 54418.416207,
            "Plan Rows": 1.0,
            "Plans": [
                {
                    "Node Type": "Other",
                    "Node Type ID": "45",
                    "Total Cost": 54418.401207,
                    "Plan Rows": 2.0,
                    "Plans": [
                        {
                            "Node Type": "Other",
                            "Node Type ID": "42",
                            "Total Cost": 53418.201207,
                            "Plan Rows": 1.0,
                            "Plans": [
                                {
                                    "Node Type": "Nested Loop",
                                    "Node Type ID": "36",
                                    "Total Cost": 53414.483707,
                                    "Plan Rows": 1483.0,
                                    "Plans": [
                                        {
                                            "Node Type": "Hash Join",
                                            "Node Type ID": "38",
                                            "Total Cost": 49004.529375,
                                            "Plan Rows": 7469.0,
                                            "Plans": [
                                                {
                                                    "Node Type": "Seq Scan",
                                                    "Node Type ID": "19",
                                                    "Relation Name": "movie_info_idx",
                                                    "Total Cost": 13685.145833,
                                                    "Plan Rows": 575015.0
                                                },
                                                {
                                                    "Node Type": "Other",
                                                    "Node Type ID": "47",
                                                    "Total Cost": 32379.213542,
                                                    "Plan Rows": 2718.0,
                                                    "Plans": [
                                                        {
                                                            "Node Type": "Seq Scan",
                                                            "Node Type ID": "19",
                                                            "Relation Name": "movie_companies",
                                                            "Total Cost": 32379.213542,
                                                            "Plan Rows": 2718.0
                                                        }
                                                    ]
                                                }
                                            ]
                                        },
                                        {
                                            "Node Type": "Index Only Scan",
                                            "Node Type ID": "22",
                                            "Relation Name": "title",
                                            "Total Cost": 0.577934,
                                            "Plan Rows": 1.0
                                        }
                                    ]
                                }
                            ]
                        }
                    ]
                }
            ]
        }
    }
]