[
    {
        "Plan": {
            "Node Type": "Other",
            "Node Type ID": "42",
            "Total Cost": 274416.112727,
            "Plan Rows": 1.0,
            "Plans": [
                {
                    "Node Type": "Other",
                    "Node Type ID": "45",
                    "Total Cost": 274416.097727,
                    "Plan Rows": 2.0,
                    "Plans": [
                        {
                            "Node Type": "Other",
                            "Node Type ID": "42",
                            "Total Cost": 273415.897727,
                            "Plan Rows": 1.0,
                            "Plans": [
                                {
                                    "Node Type": "Hash Join",
                                    "Node Type ID": "38",
                                    "Total Cost": 273415.875227,
                                    "Plan Rows": 5.0,
                                    "Plans": [
                                        {
                                            "Node Type": "Seq Scan",
                                            "Node Type ID": "19",
                                            "Relation Name": "movie_info",
                                            "Total Cost": 239478.104167,
                                            "Plan Rows": 320892.0
                                        },
                                        {
                                            "Node Type": "Other",
                                            "Node Type ID": "47",
                                            "Total Cost": 32734.21856,
                                            "Plan Rows": 15.0,
                                            "Plans": [
                                                {
                                                    "Node Type": "Nested Loop",
                                                    "Node Type ID": "36",
                                                    "Total Cost": 32734.21856,
                                                    "Plan Rows": 15.0,
                                                    "Plans": [
                                                        {
                                                            "Node Type": "Seq Scan",
                                                            "Node Type ID": "19",
                                                            "Relation Name": "movie_companies",
                                                            "Total Cost": 32379.213542,
                                                            "Plan Rows": 42.0
                                                        },
                                                        {
                                                            "Node Type": "Index Scan",
                                                            "Node Type ID": "21",
                                                            "Relation Name": "title",
                                                            "Total Cost": 8.4525,
                                                            "Plan Rows": 1.0
                                                        }
                                                    ]
                                                }
                                            ]
                                        }
                                    ]
                                }
                            ]
                        }
                    ]
                }
            ]
        }
    }
]