[
    {
        "Plan": {
            "Node Type": "Other",
            "Node Type ID": "42",
            "Total Cost": 83620.636145,
            "Plan Rows": 1.0,
            "Plans": [
                {
                    "Node Type": "Other",
                    "Node Type ID": "45",
                    "Total Cost": 83620.621145,
                    "Plan Rows": 2.0,
                    "Plans": [
                        {
                            "Node Type": "Other",
                            "Node Type ID": "42",
                            "Total Cost": 82620.421145,
                            "Plan Rows": 1.0,
                            "Plans": [
                                {
                                    "Node Type": "Hash Join",
                                    "Node Type ID": "38",
                                    "Total Cost": 82620.306145,
                                    "Plan Rows": 42.0,
                                    "Plans": [
                                        {
                                            "Node Type": "Seq Scan",
                                            "Node Type ID": "19",
                                            "Relation Name": "movie_companies",
                                            "Total Cost": 29661.370833,
                                            "Plan Rows": 1087137.0
                                        },
                                        {
                                            "Node Type": "Other",
                                            "Node Type ID": "47",
                                            "Total Cost": 48881.501562,
                                            "Plan Rows": 40.0,
                                            "Plans": [
                                                {
                                                    "Node Type": "Nested Loop",
                                                    "Node Type ID": "36",
                                                    "Total Cost": 48881.501562,
                                                    "Plan Rows": 40.0,
                                                    "Plans": [
                                                        {
                                                            "Node Type": "Seq Scan",
                                                            "Node Type ID": "19",
                                                            "Relation Name": "movie_keyword",
                                                            "Total Cost": 48016.135417,
                                                            "Plan Rows": 103.0
                                                        },
                                                        {
                                                            "Node Type": "Index Scan",
                                                            "Node Type ID": "21",
                                                            "Relation Name": "title",
                                                            "Total Cost": 8.401613,
                                                            "Plan Rows": 1.0
                                                        }
                                                    ]
                                                }
                                            ]
                                        }
                                    ]
                                }
                            ]
                        }
                    ]
                }
            ]
        }
    }
]