[
    {
        "Plan": {
            "Node Type": "Other",
            "Node Type ID": "42",
            "Total Cost": 49922.607917,
            "Plan Rows": 1.0,
            "Plans": [
                {
                    "Node Type": "Other",
                    "Node Type ID": "45",
                    "Total Cost": 49922.592917,
                    "Plan Rows": 2.0,
                    "Plans": [
                        {
                            "Node Type": "Other",
                            "Node Type ID": "42",
                            "Total Cost": 48922.392917,
                            "Plan Rows": 1.0,
                            "Plans": [
                                {
                                    "Node Type": "Seq Scan",
                                    "Node Type ID": "19",
                                    "Relation Name": "movie_keyword",
                                    "Total Cost": 48016.135417,
                                    "Plan Rows": 362499.0
                                }
                            ]
                        }
                    ]
                }
            ]
        }
    }
]