[
    {
        "Plan": {
            "Node Type": "Other",
            "Node Type ID": "42",
            "Total Cost": 480838.2825,
            "Plan Rows": 1.0,
            "Plans": [
                {
                    "Node Type": "Other",
                    "Node Type ID": "45",
                    "Total Cost": 480838.2675,
                    "Plan Rows": 2.0,
                    "Plans": [
                        {
                            "Node Type": "Other",
                            "Node Type ID": "42",
                            "Total Cost": 479838.0675,
                            "Plan Rows": 1.0,
                            "Plans": [
                                {
                                    "Node Type": "Seq Scan",
                                    "Node Type ID": "19",
                                    "Relation Name": "cast_info",
                                    "Total Cost": 479537.5,
                                    "Plan Rows": 120223.0
                                }
                            ]
                        }
                    ]
                }
            ]
        }
    }
]