[
    {
        "Plan": {
            "Node Type": "Other",
            "Node Type ID": "42",
            "Total Cost": 276693.340239,
            "Plan Rows": 1.0,
            "Plans": [
                {
                    "Node Type": "Other",
                    "Node Type ID": "45",
                    "Total Cost": 276693.325239,
                    "Plan Rows": 2.0,
                    "Plans": [
                        {
                            "Node Type": "Other",
                            "Node Type ID": "42",
                            "Total Cost": 275693.125239,
                            "Plan Rows": 1.0,
                            "Plans": [
                                {
                                    "Node Type": "Hash Join",
                                    "Node Type ID": "38",
                                    "Total Cost": 275693.095239,
                                    "Plan Rows": 8.0,
                                    "Plans": [
                                        {
                                            "Node Type": "Seq Scan",
                                            "Node Type ID": "19",
                                            "Relation Name": "movie_info",
                                            "Total Cost": 239478.104167,
                                            "Plan Rows": 928168.0
                                        },
                                        {
                                            "Node Type": "Other",
                                            "Node Type ID": "47",
                                            "Total Cost": 32734.218572,
                                            "Plan Rows": 9.0,
                                            "Plans": [
                                                {
                                                    "Node Type": "Nested Loop",
                                                    "Node Type ID": "36",
                                                    "Total Cost": 32734.218572,
                                                    "Plan Rows": 9.0,
                                                    "Plans": [
                                                        {
                                                            "Node Type": "Seq Scan",
                                                            "Node Type ID": "19",
                                                            "Relation Name": "movie_companies",
                                                            "Total Cost": 32379.213542,
                                                            "Plan Rows": 42.0
                                                        },
                                                        {
                                                            "Node Type": "Index Scan",
                                                            "Node Type ID": "21",
                                                            "Relation Name": "title",
                                                            "Total Cost": 8.4525,
                                                            "Plan Rows": 1.0
                                                        }
                                                    ]
                                                }
                                            ]
                                        }
                                    ]
                                }
                            ]
                        }
                    ]
                }
            ]
        }
    }
]