[
    {
        "Plan": {
            "Node Type": "Other",
            "Node Type ID": "42",
            "Total Cost": 496600.230781,
            "Plan Rows": 1.0,
            "Plans": [
                {
                    "Node Type": "Other",
                    "Node Type ID": "45",
                    "Total Cost": 496600.215781,
                    "Plan Rows": 2.0,
                    "Plans": [
                        {
                            "Node Type": "Hash Join",
                            "Node Type ID": "38",
                            "Total Cost": 495600.015781,
                            "Plan Rows": 1.0,
                            "Plans": [
                                {
                                    "Node Type": "Seq Scan",
                                    "Node Type ID": "19",
                                    "Relation Name": "cast_info",
                                    "Total Cost": 441729.083333,
                                    "Plan Rows": 1330440.0
                                },
                                {
                                    "Node Type": "Other",
                                    "Node Type ID": "47",
                                    "Total Cost": 48881.759948,
                                    "Plan Rows": 1.0,
                                    "Plans": [
                                        {
                                            "Node Type": "Nested Loop",
                                            "Node Type ID": "36",
                                            "Total Cost": 48881.759948,
                                            "Plan Rows": 1.0,
                                            "Plans": [
                                                {
                                                    "Node Type": "Seq Scan",
                                                    "Node Type ID": "19",
                                                    "Relation Name": "movie_keyword",
                                                    "Total Cost": 48016.135417,
                                                    "Plan Rows": 103.0
                                                },
                                                {
                                                    "Node Type": "Index Scan",
                                                    "Node Type ID": "21",
                                                    "Relation Name": "title",
                                                    "Total Cost": 8.404113,
                                                    "Plan Rows": 1.0
                                                }
                                            ]
                                        }
                                    ]
                                }
                            ]
                        }
                    ]
                }
            ]
        }
    }
]