[
    {
        "Plan": {
            "Node Type": "Other",
            "Node Type ID": "42",
            "Total Cost": 130113.439167,
            "Plan Rows": 1.0,
            "Plans": [
                {
                    "Node Type": "Other",
                    "Node Type ID": "45",
                    "Total Cost": 130113.424167,
                    "Plan Rows": 2.0,
                    "Plans": [
                        {
                            "Node Type": "Other",
                            "Node Type ID": "42",
                            "Total Cost": 129113.224167,
                            "Plan Rows": 1.0,
                            "Plans": [
                                {
                                    "Node Type": "Hash Join",
                                    "Node Type ID": "38",
                                    "Total Cost": 127112.076667,
                                    "Plan Rows": 800455.0,
                                    "Plans": [
                                        {
                                            "Node Type": "Seq Scan",
                                            "Node Type ID": "19",
                                            "Relation Name": "movie_keyword",
                                            "Total Cost": 48016.135417,
                                            "Plan Rows": 1567271.0
                                        },
                                        {
                                            "Node Type": "Other",
                                            "Node Type ID": "47",
                                            "Total Cost": 51803.05625,
                                            "Plan Rows": 538143.0,
                                            "Plans": [
                                                {
                                                    "Node Type": "Seq Scan",
                                                    "Node Type ID": "19",
                                                    "Relation Name": "title",
                                                    "Total Cost": 51803.05625,
                                                    "Plan Rows": 538143.0
                                                }
                                            ]
                                        }
                                    ]
                                }
                            ]
                        }
                    ]
                }
            ]
        }
    }
]