[
    {
        "Plan": {
            "Node Type": "Other",
            "Node Type ID": "42",
            "Total Cost": 519504.560333,
            "Plan Rows": 1.0,
            "Plans": [
                {
                    "Node Type": "Other",
                    "Node Type ID": "45",
                    "Total Cost": 519504.545333,
                    "Plan Rows": 2.0,
                    "Plans": [
                        {
                            "Node Type": "Other",
                            "Node Type ID": "42",
                            "Total Cost": 518504.345333,
                            "Plan Rows": 1.0,
                            "Plans": [
                                {
                                    "Node Type": "Hash Join",
                                    "Node Type ID": "38",
                                    "Total Cost": 518368.895333,
                                    "Plan Rows": 54176.0,
                                    "Plans": [
                                        {
                                            "Node Type": "Hash Join",
                                            "Node Type ID": "38",
                                            "Total Cost": 495682.565542,
                                            "Plan Rows": 298478.0,
                                            "Plans": [
                                                {
                                                    "Node Type": "Seq Scan",
                                                    "Node Type ID": "19",
                                                    "Relation Name": "cast_info",
                                                    "Total Cost": 403920.666667,
                                                    "Plan Rows": 15123367.0
                                                },
                                                {
                                                    "Node Type": "Other",
                                                    "Node Type ID": "47",
                                                    "Total Cost": 51803.05625,
                                                    "Plan Rows": 20795.0,
                                                    "Plans": [
                                                        {
                                                            "Node Type": "Seq Scan",
                                                            "Node Type ID": "19",
                                                            "Relation Name": "title",
                                                            "Total Cost": 51803.05625,
                                                            "Plan Rows": 20795.0
                                                        }
                                                    ]
                                                }
                                            ]
                                        },
                                        {
                                            "Node Type": "Other",
                                            "Node Type ID": "47",
                                            "Total Cost": 15122.682292,
                                            "Plan Rows": 191250.0,
                                            "Plans": [
                                                {
                                                    "Node Type": "Seq Scan",
                                                    "Node Type ID": "19",
                                                    "Relation Name": "movie_info_idx",
                                                    "Total Cost": 15122.682292,
                                                    "Plan Rows": 191250.0
                                                }
                                            ]
                                        }
                                    ]
                                }
                            ]
                        }
                    ]
                }
            ]
        }
    }
]