[
    {
        "Plan": {
            "Node Type": "Other",
            "Node Type ID": "42",
            "Total Cost": 100932.023081,
            "Plan Rows": 1.0,
            "Plans": [
                {
                    "Node Type": "Other",
                    "Node Type ID": "45",
                    "Total Cost": 100932.008081,
                    "Plan Rows": 2.0,
                    "Plans": [
                        {
                            "Node Type": "Other",
                            "Node Type ID": "42",
                            "Total Cost": 99931.808081,
                            "Plan Rows": 1.0,
                            "Plans": [
                                {
                                    "Node Type": "Nested Loop",
                                    "Node Type ID": "36",
                                    "Total Cost": 99931.410581,
                                    "Plan Rows": 155.0,
                                    "Plans": [
                                        {
                                            "Node Type": "Hash Join",
                                            "Node Type ID": "38",
                                            "Total Cost": 73752.99375,
                                            "Plan Rows": 44908.0,
                                            "Plans": [
                                                {
                                                    "Node Type": "Seq Scan",
                                                    "Node Type ID": "19",
                                                    "Relation Name": "movie_keyword",
                                                    "Total Cost": 48016.135417,
                                                    "Plan Rows": 15708.0
                                                },
                                                {
                                                    "Node Type": "Other",
                                                    "Node Type ID": "47",
                                                    "Total Cost": 13685.145833,
                                                    "Plan Rows": 575015.0,
                                                    "Plans": [
                                                        {
                                                            "Node Type": "Seq Scan",
                                                            "Node Type ID": "19",
                                                            "Relation Name": "movie_info_idx",
                                                            "Total Cost": 13685.145833,
                                                            "Plan Rows": 575015.0
                                                        }
                                                    ]
                                                }
                                            ]
                                        },
                                        {
                                            "Node Type": "Index Scan",
                                            "Node Type ID": "21",
                                            "Relation Name": "title",
                                            "Total Cost": 0.582934,
                                            "Plan Rows": 1.0
                                        }
                                    ]
                                }
                            ]
                        }
                    ]
                }
            ]
        }
    }
]