[
    {
        "Plan": {
            "Node Type": "Other",
            "Node Type ID": "42",
            "Total Cost": 472521.080833,
            "Plan Rows": 1.0,
            "Plans": [
                {
                    "Node Type": "Other",
                    "Node Type ID": "45",
                    "Total Cost": 472521.065833,
                    "Plan Rows": 2.0,
                    "Plans": [
                        {
                            "Node Type": "Other",
                            "Node Type ID": "42",
                            "Total Cost": 471520.865833,
                            "Plan Rows": 1.0,
                            "Plans": [
                                {
                                    "Node Type": "Seq Scan",
                                    "Node Type ID": "19",
                                    "Relation Name": "cast_info",
                                    "Total Cost": 441729.083333,
                                    "Plan Rows": 11916709.0
                                }
                            ]
                        }
                    ]
                }
            ]
        }
    }
]